Determining if the pthread_create exist failed with the following output:
Change Dir: /home/chengyh23/visual/build/CMakeFiles/CMakeTmp

Run Build Command:"/usr/bin/make" "cmTC_f624a/fast"
/usr/bin/make -f CMakeFiles/cmTC_f624a.dir/build.make CMakeFiles/cmTC_f624a.dir/build
make[1]: Entering directory '/home/chengyh23/visual/build/CMakeFiles/CMakeTmp'
Building C object CMakeFiles/cmTC_f624a.dir/CheckSymbolExists.c.o
/usr/bin/cc     -o CMakeFiles/cmTC_f624a.dir/CheckSymbolExists.c.o   -c /home/chengyh23/visual/build/CMakeFiles/CMakeTmp/CheckSymbolExists.c
Linking C executable cmTC_f624a
/usr/bin/cmake -E cmake_link_script CMakeFiles/cmTC_f624a.dir/link.txt --verbose=1
/usr/bin/cc       CMakeFiles/cmTC_f624a.dir/CheckSymbolExists.c.o  -o cmTC_f624a -rdynamic 
CMakeFiles/cmTC_f624a.dir/CheckSymbolExists.c.o：在函数‘main’中：
CheckSymbolExists.c:(.text+0x16)：对‘pthread_create’未定义的引用
collect2: error: ld returned 1 exit status
CMakeFiles/cmTC_f624a.dir/build.make:97: recipe for target 'cmTC_f624a' failed
make[1]: *** [cmTC_f624a] Error 1
make[1]: Leaving directory '/home/chengyh23/visual/build/CMakeFiles/CMakeTmp'
Makefile:126: recipe for target 'cmTC_f624a/fast' failed
make: *** [cmTC_f624a/fast] Error 2

File /home/chengyh23/visual/build/CMakeFiles/CMakeTmp/CheckSymbolExists.c:
/* */
#include <pthread.h>

int main(int argc, char** argv)
{
  (void)argv;
#ifndef pthread_create
  return ((int*)(&pthread_create))[argc];
#else
  (void)argc;
  return 0;
#endif
}

Determining if the function pthread_create exists in the pthreads failed with the following output:
Change Dir: /home/chengyh23/visual/build/CMakeFiles/CMakeTmp

Run Build Command:"/usr/bin/make" "cmTC_c01fd/fast"
/usr/bin/make -f CMakeFiles/cmTC_c01fd.dir/build.make CMakeFiles/cmTC_c01fd.dir/build
make[1]: Entering directory '/home/chengyh23/visual/build/CMakeFiles/CMakeTmp'
Building C object CMakeFiles/cmTC_c01fd.dir/CheckFunctionExists.c.o
/usr/bin/cc    -DCHECK_FUNCTION_EXISTS=pthread_create   -o CMakeFiles/cmTC_c01fd.dir/CheckFunctionExists.c.o   -c /usr/share/cmake-3.5/Modules/CheckFunctionExists.c
Linking C executable cmTC_c01fd
/usr/bin/cmake -E cmake_link_script CMakeFiles/cmTC_c01fd.dir/link.txt --verbose=1
/usr/bin/cc   -DCHECK_FUNCTION_EXISTS=pthread_create    CMakeFiles/cmTC_c01fd.dir/CheckFunctionExists.c.o  -o cmTC_c01fd -rdynamic -lpthreads 
/usr/bin/ld: 找不到 -lpthreads
collect2: error: ld returned 1 exit status
CMakeFiles/cmTC_c01fd.dir/build.make:97: recipe for target 'cmTC_c01fd' failed
make[1]: *** [cmTC_c01fd] Error 1
make[1]: Leaving directory '/home/chengyh23/visual/build/CMakeFiles/CMakeTmp'
Makefile:126: recipe for target 'cmTC_c01fd/fast' failed
make: *** [cmTC_c01fd/fast] Error 2


